<?xml version="1.0" encoding="UTF-8"?>
<testng-results ignored="0" total="3" passed="3" failed="0" skipped="0">
  <reporter-output>
    <line>
      <![CDATA[m3 running]]>
    </line>
    <line>
      <![CDATA[m2 running]]>
    </line>
    <line>
      <![CDATA['m1 running]]>
    </line>
  </reporter-output>
  <suite started-at="2023-01-07T12:26:54 IST" name="Suite" finished-at="2023-01-07T12:26:54 IST" duration-ms="70">
    <groups>
    </groups>
    <test started-at="2023-01-07T12:26:54 IST" name="Test" finished-at="2023-01-07T12:26:54 IST" duration-ms="70">
      <class name="com.jenkins.methods.Demo1">
        <test-method signature="m1()[pri:0, instance:com.jenkins.methods.Demo1@614ca7df]" started-at="2023-01-07T12:26:54 IST" name="m1" finished-at="2023-01-07T12:26:54 IST" duration-ms="1" status="PASS">
          <reporter-output>
            <line>
              <![CDATA['m1 running]]>
            </line>
          </reporter-output>
        </test-method> <!-- m1 -->
      </class> <!-- com.jenkins.methods.Demo1 -->
      <class name="com.jenkins.methods.Demo3">
        <test-method signature="m3()[pri:0, instance:com.jenkins.methods.Demo3@4d465b11]" started-at="2023-01-07T12:26:54 IST" name="m3" finished-at="2023-01-07T12:26:54 IST" duration-ms="14" status="PASS">
          <reporter-output>
            <line>
              <![CDATA[m3 running]]>
            </line>
          </reporter-output>
        </test-method> <!-- m3 -->
      </class> <!-- com.jenkins.methods.Demo3 -->
      <class name="com.jenkins.methods.Demo2">
        <test-method signature="m2()[pri:0, instance:com.jenkins.methods.Demo2@6cd28fa7]" started-at="2023-01-07T12:26:54 IST" name="m2" finished-at="2023-01-07T12:26:54 IST" duration-ms="1" status="PASS">
          <reporter-output>
            <line>
              <![CDATA[m2 running]]>
            </line>
          </reporter-output>
        </test-method> <!-- m2 -->
      </class> <!-- com.jenkins.methods.Demo2 -->
    </test> <!-- Test -->
  </suite> <!-- Suite -->
</testng-results>
